[2025-12-04 17:46:35] Adam Furtado: Exit code 1: 
[2025-12-04 17:46:35] Brandon Shouse: Exit code 1: 
[2025-12-04 17:46:35] Branden Van Derbur: Exit code 1: 
[2025-12-04 17:46:35] Ainsilie Hibbard: Exit code 1: 
[2025-12-04 17:46:35] Benjamin Alvarez: Exit code 1: 
[2025-12-04 17:46:35] Basudev Rijal: Exit code 1: 
[2025-12-04 17:46:35] Ben Adinata: Exit code 1: 
[2025-12-04 17:46:35] Ashley Pearce: Exit code 1: 
[2025-12-04 17:46:36] Brian Jennings: Exit code 1: 
[2025-12-04 17:46:36] Bryon Kroger: Exit code 1: 
[2025-12-04 17:46:36] Brent Baumann: Exit code 1: 
[2025-12-04 17:46:36] Bryce Nguonly: Exit code 1: 
[2025-12-04 17:46:36] Carlo Viray: Exit code 1: 
[2025-12-04 17:46:36] Cason Brinson: Exit code 1: 
[2025-12-04 17:46:36] Cara McLean: Exit code 1: 
[2025-12-04 17:46:36] Chase Cast: Exit code 1: 
[2025-12-04 17:46:36] Chris Brodowski: Exit code 1: 
[2025-12-04 17:46:36] Chris Wang: Exit code 1: 
[2025-12-04 17:46:37] Christal Walker: Exit code 1: 
[2025-12-04 17:46:37] Clayton Spakes: Exit code 1: 
[2025-12-04 17:46:37] Cory Hurlbut: Exit code 1: 
[2025-12-04 17:46:37] Chris Johns: Exit code 1: 
[2025-12-04 17:46:37] Coty Allen: Exit code 1: 
[2025-12-04 17:46:37] Dan Bitter: Exit code 1: 
[2025-12-04 17:46:37] Dan Sanker: Exit code 1: 
[2025-12-04 17:46:37] Danny Benson: Exit code 1: 
[2025-12-04 17:46:37] David Lamberson: Exit code 1: 
[2025-12-04 17:46:37] Darius DeSpain: Exit code 1: 
[2025-12-04 17:46:37] Darrell Mudd: Exit code 1: 
[2025-12-04 17:46:37] Dave Blotter: Exit code 1: 
[2025-12-04 17:46:37] David Alvarado: Exit code 1: 
[2025-12-04 17:46:37] Delaney Coveno: Exit code 1: 
[2025-12-04 17:46:37] Dylan Doub: Exit code 1: 
[2025-12-04 17:46:37] Derek Dombek: Exit code 1: 
[2025-12-04 17:46:37] Drew Fugate: Exit code 1: 
[2025-12-04 17:46:37] Dylan Bossie: Exit code 1: 
[2025-12-04 17:46:37] Eric Whitman: Exit code 1: 
[2025-12-04 17:46:37] Edwin Karaya: Exit code 1: 
[2025-12-04 17:46:37] Hafeez Rahman Mohammed: Exit code 1: 
[2025-12-04 17:46:37] Jeff Wills: Exit code 1: 
[2025-12-04 17:46:37] Jacobi Ayala: Exit code 1: 
[2025-12-04 17:46:37] Jeff Rodanski: Exit code 1: 
[2025-12-04 17:46:37] Jake Cook: Exit code 1: 
[2025-12-04 17:46:37] Jeremy Arzuaga: Exit code 1: 
[2025-12-04 17:46:37] Jeff Muller: Exit code 1: 
[2025-12-04 17:46:37] Jennifer Lopez: Exit code 1: 
[2025-12-04 17:46:37] Jeremy Steinbeck: Exit code 1: 
[2025-12-04 17:46:37] Joseph Andrews: Exit code 1: 
[2025-12-04 17:46:37] Jodie Nkansah: Exit code 1: 
[2025-12-04 17:46:37] Jerod Culpepper: Exit code 1: 
[2025-12-04 17:46:37] Jeremy Viray: Exit code 1: 
[2025-12-04 17:46:37] Jordan Dilworth: Exit code 1: 
[2025-12-04 17:46:37] John Zubiri: Exit code 1: 
[2025-12-04 17:46:37] Justin Joseph: Exit code 1: 
[2025-12-04 17:46:37] Justin Reynolds: Exit code 1: 
[2025-12-04 17:46:37] Kenny Slater: Exit code 1: 
[2025-12-04 17:46:37] Kevan Mordan: Exit code 1: 
[2025-12-04 17:46:37] Kenny Kay: Exit code 1: 
[2025-12-04 17:46:37] Kevin Nash: Exit code 1: 
[2025-12-04 17:46:37] Kristin Pearson: Exit code 1: 
[2025-12-04 17:46:37] Lakshmi Sadasiv: Exit code 1: 
[2025-12-04 17:46:37] Kyle Dozier: Exit code 1: 
[2025-12-04 17:46:37] Kyle Smart: Exit code 1: 
[2025-12-04 17:46:37] Mases Krikorian: Exit code 1: 
[2025-12-04 17:46:37] Max Reele: Exit code 1: 
[2025-12-04 17:46:37] McKinnon Pearse: Exit code 1: 
[2025-12-04 17:46:37] Marc Fishman: Exit code 1: 
[2025-12-04 17:46:37] Michael Silverman: Exit code 1: 
[2025-12-04 17:46:37] Michael Maye: Exit code 1: 
[2025-12-04 17:46:37] Mike Gehard: Exit code 1: 
[2025-12-04 17:46:37] Nick Eissler: Exit code 1: 
[2025-12-04 17:46:37] Nick Luckey: Exit code 1: 
[2025-12-04 17:46:37] Minh Nguyen: Exit code 1: 
[2025-12-04 17:46:37] Noah McHugh: Exit code 1: 
[2025-12-04 17:46:37] Norman Sharpe: Exit code 1: 
[2025-12-04 17:46:37] Paul Nieto: Exit code 1: 
[2025-12-04 17:46:37] Octavia Leon: Exit code 1: 
[2025-12-04 17:46:37] Paul Fretz: Exit code 1: 
[2025-12-04 17:46:37] Rachel Del Vecchio: Exit code 1: 
[2025-12-04 17:46:37] Pedro Torres: Exit code 1: 
[2025-12-04 17:46:37] Peter Duong: Exit code 1: 
[2025-12-04 17:46:37] Pooja Jhaveri: Exit code 1: 
[2025-12-04 17:46:37] Riya Patel: Exit code 1: 
[2025-12-04 17:46:37] Rob Monroe: Exit code 1: 
[2025-12-04 17:46:37] Ryan Tuck: Exit code 1: 
[2025-12-04 17:46:37] Roshni Bhanderi: Exit code 1: 
[2025-12-04 17:46:37] Schuyler Reinken: Exit code 1: 
[2025-12-04 17:46:37] Sal Aziz: Exit code 1: 
[2025-12-04 17:46:37] Samuel McQueen: Exit code 1: 
[2025-12-04 17:46:37] Sean Herbert: Exit code 1: 
[2025-12-04 17:46:37] Scott Carlson: Exit code 1: 
[2025-12-04 17:46:37] Shanna Chen: Exit code 1: 
[2025-12-04 17:46:37] Shawn Kilroy: Exit code 1: 
[2025-12-04 17:46:37] Sridhar Vennela: Exit code 1: 
[2025-12-04 17:46:37] Sharon Hamilton: Exit code 1: 
[2025-12-04 17:46:37] Steven Souto: Exit code 1: 
[2025-12-04 17:46:37] Thomas Reynolds: Exit code 1: 
[2025-12-04 17:46:37] Steven Bair: Exit code 1: 
[2025-12-04 17:46:37] Tiyyiba Zahid: Exit code 1: 
[2025-12-04 17:46:37] Vanessa Ten-Kate: Exit code 1: 
[2025-12-04 17:46:37] Yechiel Kalmenson: Exit code 1: 
[2025-12-04 17:46:37] Vin Foregard: Exit code 1: 
[2025-12-04 17:46:37] Wayland Pearce: Exit code 1: 
[2025-12-04 17:48:02] Kenny Kay: Exit code 1: 
[2025-12-04 17:48:03] Lakshmi Sadasiv: Exit code 1: 
